2024-08-23 13:58:23,834 - INFO - url: https://raw.githubusercontent.com/redrainl/iptv/main/speedtest/zubo_fofa.txt 获取成功，判断为txt格式
2024-08-23 13:58:23,851 - INFO - url: https://raw.githubusercontent.com/redrainl/iptv/main/speedtest/zubo_fofa.txt 爬取成功✅，包含频道分类: 上海电信, 江苏, 北京联通, 天津联通, 河南电信, 山西电信, 广东电信, 四川电信, 浙江电信, 湖北电信, 福建电信, 湖南电信, 甘肃电信, 河北联通
2024-08-23 13:58:23,989 - INFO - url: https://raw.githubusercontent.com/pxiptv/live/main/iptv.txt 获取成功，判断为txt格式
2024-08-23 13:58:23,991 - INFO - url: https://raw.githubusercontent.com/pxiptv/live/main/iptv.txt 爬取成功✅，包含频道分类: 🇨🇳央视频道🇨🇳, 🛰️卫视频道🛰️, 🇭🇰港澳台🇭🇰, 🏆咪咕体育🏆, 🥝精品频道🥝, 🤩3D频道🤩
2024-08-23 13:58:25,214 - INFO - url: http://tv.850930.xyz/kdsb.m3u 获取成功，判断为txt格式
2024-08-23 13:58:25,223 - INFO - url: http://tv.850930.xyz/kdsb.m3u 爬取成功✅，包含频道分类: 🐼中央电视, 🐼全国卫视, 🐼数字电视, 🐼网络电视, 💝香港澳门, 🔥台湾专区, 🌍国际频道, 🐼IPV6专区, 🐼浙江移动, 🐼电影轮播, 🐼体育专区, 🐼4K专线, 🐼广东电信, 🐼天津联通, 🐼重庆有线, 🐼北京联通, 🐼重庆联通, 🐼电影频道, 🐼直播中国, 🐼电视公告
2024-08-23 13:58:26,568 - INFO - url: http://tv.850930.xyz/kdsb2.m3u 获取成功，判断为txt格式
2024-08-23 13:58:26,577 - INFO - url: http://tv.850930.xyz/kdsb2.m3u 爬取成功✅，包含频道分类: 🐼中央电视, 🐼全国卫视, 🐼数字电视, 🐼网络电视, 💝香港澳门, 🔥台湾专区, 🌍国际频道, 🐼IPV6专区, 🐼浙江移动, 🐼电影轮播, 🐼体育专区, 🐼4K专线, 🐼广东电信, 🐼天津联通, 🐼重庆有线, 🐼北京联通, 🐼重庆联通, 🐼电影频道, 🐼直播中国, 🐼电视公告
2024-08-23 13:58:28,257 - INFO - url: http://tv.850930.xyz/gather.m3u 获取成功，判断为m3u格式
2024-08-23 13:58:28,264 - INFO - url: http://tv.850930.xyz/gather.m3u 爬取成功✅，包含频道分类: •温馨提示, •4K「IPV4」, •4K「IPV6」, •央视「IPV6」, •卫视「IPV6」, •数字「IPV6」, •iHOT「IPV6」, •NewTV「IPV6」, •地区「IPV6」, •其他「IPV6」, •咪咕「全网」, •咪咕「移动」, •咪咕「体育」, •咪咕「TV」, •YouTube「P」, •央视「境外」, •港澳台「壹」, •港台马「壹」, •台湾「专辑」, •特色「混搭」, •游戏赛事, •埋堆堆, •影视, •广播「壹」, •广播「贰」, •地区, •国际, •韩国, •日本, •杂货, •MTV, •动物世界
2024-08-23 13:58:28,274 - INFO - url: https://raw.githubusercontent.com/hus888yu/app/main/111.m3u 获取成功，判断为m3u格式
2024-08-23 13:58:28,276 - INFO - url: https://raw.githubusercontent.com/hus888yu/app/main/111.m3u 爬取成功✅，包含频道分类: yt新聞, 綜合, 新聞財經, 電影戲劇, 生活旅遊, 音樂綜藝, 少兒, 其他, 體育, 臺灣 Taiwan, 馬來西亞 Malaysia, 新加坡 Singapore, 印尼 Indonesia, 香港 Hongkong, 中國 China, 體育 Sports, 印度 Indian, 電影 Movie, 紀錄 Documentary, 新聞 News, 兒童 Kids, 泰國 Thailand, 英國 United Kingdom, 越南 Vietnam, 韓國 Korea, 日本 Japan, 央视, 卫视, 地方, NewTV, SiTV, iHOT
2024-08-23 13:58:28,286 - INFO - url: https://raw.githubusercontent.com/hus888yu/app/main/543.m3u 获取成功，判断为m3u格式
2024-08-23 13:58:28,288 - INFO - url: https://raw.githubusercontent.com/hus888yu/app/main/543.m3u 爬取成功✅，包含频道分类: yt新聞, 綜合, 新聞財經, 電影戲劇, 生活旅遊, 音樂綜藝, 少兒, 其他, 體育, 臺灣 Taiwan, 馬來西亞 Malaysia, 新加坡 Singapore, 印尼 Indonesia, 香港 Hongkong, 中國 China, 體育 Sports, 印度 Indian, 電影 Movie, 紀錄 Documentary, 新聞 News, 兒童 Kids, 泰國 Thailand, 英國 United Kingdom, 越南 Vietnam, 韓國 Korea, 日本 Japan, 央视, 卫视, 地方, NewTV, SiTV, iHOT
2024-08-23 13:58:31,885 - INFO - url: http://175.178.251.183:6689/channel.txt 获取成功，判断为txt格式
2024-08-23 13:58:31,906 - INFO - url: http://175.178.251.183:6689/channel.txt 爬取成功✅，包含频道分类: 测试组播
2024-08-23 13:58:31,951 - INFO - url: https://live.fanmingming.com/tv/m3u/ipv6.m3u 获取成功，判断为m3u格式
2024-08-23 13:58:31,951 - INFO - url: https://live.fanmingming.com/tv/m3u/ipv6.m3u 爬取成功✅，包含频道分类: 央视频道, 卫视频道, 数字频道, 浙江频道, 内蒙频道
2024-08-23 13:58:32,053 - INFO - url: https://raw.githubusercontent.com/yuanzl77/IPTV/main/直播/央视频道.txt 获取成功，判断为txt格式
2024-08-23 13:58:32,053 - INFO - url: https://raw.githubusercontent.com/yuanzl77/IPTV/main/直播/央视频道.txt 爬取成功✅，包含频道分类: 央视频道
2024-08-23 13:58:33,442 - INFO - url: http://120.79.4.185/new/mdlive.txt 获取成功，判断为txt格式
2024-08-23 13:58:33,461 - INFO - url: http://120.79.4.185/new/mdlive.txt 爬取成功✅，包含频道分类: 公告信息, 购买电视盒子, 央卫频道, 中国港澳, 全球频道, 中国湾湾, 央视频道, 卫视频道, 地方频道, IHOT爱ipv6, 体育频道, 4K频道, 电影频道, 歪歪轮播, 虎牙轮播, 斗鱼轮播, 堆堆轮播, MTV视频, 收音广播, 景区直播, 愉快观影, 电影轮播, 童年回忆, 少儿, 下列P3P和MITV, 央卫P3p晴天, 特区P3p晴天, 闽南P3p晴天, 新闻P3p晴天, 跑马P3p晴天, 体育P3p晴天, 电影P3p晴天, 儿童P3p晴天, 知识P3p晴天, 新坡P3p晴天, 马亚P3p晴天, 印度P3p晴天, 加大P3p晴天, 日本P3p晴天, 韩国P3p晴天, 印尼P3p晴天, 美国P3p晴天, 特区晴天P3p, 央卫晴天P3p, 闽南晴天P3p, 新闻晴天P3p, 电影晴天P3p, 新马晴天P3p, 日本晴天P3p, 韩国晴天P3p, 国际晴天P3p, 央卫P2p晴天, 特区P2p晴天, 闽南P2p晴天, 马亚P2p晴天, 新坡P2p晴天, 日本P2p晴天, 韩国P2p晴天, 泰国P2p晴天, 北美P2p晴天, 新闻P2p晴天, 音乐P2p晴天, 体育P2p晴天, 知识P2p晴天, 儿少P2p晴天, 电影P2p晴天, 戏剧P2p晴天, 测试P3p频道
2024-08-23 13:58:33,565 - INFO - url: https://raw.githubusercontent.com/Fairy8o/IPTV/main/PDX-V4.txt 获取成功，判断为txt格式
2024-08-23 13:58:33,578 - INFO - url: https://raw.githubusercontent.com/Fairy8o/IPTV/main/PDX-V4.txt 爬取成功✅，包含频道分类: 👉扫码添加此微信👈, 👉以获取最新链接👈, 👉唯一微信号:Cxx114x👈, 👉定期更换新链接👈, 👉不加此微信无售后👈, 🦁欧洲五大联赛🦁, 🐉独家线路🐯, 港台频道, 卫视频道, 🐉电信专线「多线路」, 🐉联通专线「多线路」, 🐉移动专线「多线路」, 🐉央视付费频道, 🐉特色频道, 🐉4K-8K频道, 🐉国内体育, 🐉海外体育, 🐉咪咕视频-①🏆, 🐉咪咕视频-②🏆, 🐉香港频道「线路1」, 🐉香港频道「线路2」, 🐉湾湾频道「线路1」, 🐉湾湾频道「线路2」, 🐉湾湾频道「线路3」, 🐉日本频道🦮, 🐉韩国频道🦆, 🐉美国频道🦅, 🐉英国频道🦁, 🐉电影频道🎥, 🐉游戏赛事🐸, 🐉埋堆堆🙉, 🐉斗鱼轮播🦈, 🐉虎牙轮播🐯, 🐉YY轮播🦞, 🐉经典电影🎞, 🐉经典电视剧📺, 🐉少儿频道👶🏻, 🐉北京频道, 🐉上海频道, 🐉广东频道, 🐉湖南频道, 🐉各地方频道, 🐉HBO&iHOT频道, 🐉SITV频道, 🐉NewTV频道, 🐉全国景区直播, 🐉纪录片频道, 🐉广播剧场🎙
2024-08-23 13:58:33,909 - INFO - url: https://raw.githubusercontent.com/Fairy8o/IPTV/main/PDX-V6.txt 获取成功，判断为txt格式
2024-08-23 13:58:33,923 - INFO - url: https://raw.githubusercontent.com/Fairy8o/IPTV/main/PDX-V6.txt 爬取成功✅，包含频道分类: 👉扫码添加此微信👈, 👉以获取最新链接👈, 👉唯一微信号:Cxx114x👈, 👉定期更换新链接👈, 👉不加此微信无售后👈, 🦁欧洲五大联赛🦁, 🐉央视频道🐉, 🐉卫视频道🐉, 🐉央视付费频道, 🐉求索&iHOT频道, 🐉4K-8K频道, 🐉数字高清, 🐉国内体育, 🐉海外体育, 🐉咪咕视频-①🏆, 🐉咪咕视频-②🥇, 🐉香港频道「线路1」, 🐉香港频道「线路2」, 🐉湾湾频道「线路1」, 🐉湾湾频道「线路2」, 🐉湾湾频道「线路3」, 🐉日本频道🦮, 🐉韩国频道🦆, 🐉美国频道🦅, 🐉英国频道🦁, 🐉电影频道🎥, 🐉游戏赛事🐸, 🐉埋堆堆🙉, 🐉斗鱼轮播🦈, 🐉虎牙轮播🐯, 🐉YY轮播🦞, 🐉经典电影🎞, 🐉经典电视剧📺, 🐉少儿频道👶🏻, 🐉北京频道, 🐉上海频道, 🐉广东频道, 🐉湖南频道, 🐉各地方频道, 🐉iHOT频道, 🐉SITV频道, 🐉NewTV频道, 🐉全国景区直播, 🐉纪录片频道, 🐉广播剧场🎙
2024-08-23 13:58:33,967 - INFO - url: https://live.zhoujie218.top/tv/iptv6.txt 获取成功，判断为txt格式
2024-08-23 13:58:33,967 - INFO - url: https://live.zhoujie218.top/tv/iptv6.txt 爬取成功✅，包含频道分类: 央视频道, 卫视频道, 数字频道, 地方频道, 更新时间
2024-08-23 13:58:35,132 - INFO - url: https://tv.youdu.fan:666/live/ 获取成功，判断为txt格式
2024-08-23 13:58:35,148 - INFO - url: https://tv.youdu.fan:666/live/ 爬取成功✅，包含频道分类: 🌹防失联, 📡央视频道, 📡卫视频道, 📡地方频道, 📡V6央视频道, 📡V6卫视频道, 📡儿童频道, 📡港湾频道, 📡历届春晚, 📡直播中国, 🌏国际频道, 💞电影频道, 💃丨MTV现代, 📛丨MTV怀旧, 📡测试
2024-08-23 13:58:35,444 - INFO - url: http://ww.weidonglong.com/dsj.txt 获取成功，判断为txt格式
2024-08-23 13:58:35,447 - INFO - url: http://ww.weidonglong.com/dsj.txt 爬取成功✅，包含频道分类: 👉关于应用, 央视频道, 央视-IPv6, 卫视-IPv6, 卫视-综合, 央视综合, 卫视综合, 体育综合, 咪咕体育, 广东综合, 浙江综合, 江苏综合, 黑龙江综合, 安徽综合, 广西综合, 江西综合, 湖南综合, 湖北综合, 河南综合, 河北综合, 山东综合, 宁夏综合, 山西综合, 四川综合, 云南综合, 内蒙综合, 青海综合, 甘肃综合, 福建综合, 海南综合, 西藏综合, 新疆综合, 上海综合, 吉林综合, 凤凰香港, 电影频道, 急救技能, 👉获取更新
2024-08-23 13:58:35,616 - INFO - url: http://xhztv.top/zbc.txt 获取成功，判断为txt格式
2024-08-23 13:58:35,622 - INFO - url: http://xhztv.top/zbc.txt 爬取成功✅，包含频道分类: ﻿新闻频道, 央视, 央视IPv6, 卫视IPv6, 港湾频道, 广东地区, 直播中国, 体育频道, 少儿频道, 电影频道, 影视综合, MTV频道, 历届春晚, ♥聚玩盒子
2024-08-23 13:58:35,736 - INFO - url: https://raw.githubusercontent.com/mlvjfchen/TV/main/iptv_list.txt 获取成功，判断为txt格式
2024-08-23 13:58:35,737 - INFO - url: https://raw.githubusercontent.com/mlvjfchen/TV/main/iptv_list.txt 爬取成功✅，包含频道分类: 央视频道, 卫视频道, 湖南频道, 更新时间
2024-08-23 13:58:35,961 - INFO - url: https://raw.githubusercontent.com/qingwen07/awesome-iptv/main/tvbox_live_all.txt 获取成功，判断为txt格式
2024-08-23 13:58:35,982 - INFO - url: https://raw.githubusercontent.com/qingwen07/awesome-iptv/main/tvbox_live_all.txt 爬取成功✅，包含频道分类: 央视, 新闻, 卫视台, 地方台, 港澳台, 埋堆堆, 影视, 体育, 音乐, 小品, 咪咕, 斗鱼, 少儿, 国外, IPV6, 
2024-08-23 13:58:36,890 - ERROR - url: https://v.nxog.top/m/tv/1/ 爬取失败❌, Error: 404 Client Error: Not Found for url: https://v.nxog.top/m/tv/1/
2024-08-23 13:58:36,898 - INFO - url: https://raw.githubusercontent.com/Guovin/TV/gd/result.txt 获取成功，判断为txt格式
2024-08-23 13:58:36,900 - INFO - url: https://raw.githubusercontent.com/Guovin/TV/gd/result.txt 爬取成功✅，包含频道分类: 广东频道, 央视频道, 卫视频道, 港·澳·台
2024-08-23 13:58:37,945 - INFO - url: http://home.jundie.top:81/Cat/tv/live.txt 获取成功，判断为txt格式
2024-08-23 13:58:37,948 - INFO - url: http://home.jundie.top:81/Cat/tv/live.txt 爬取成功✅，包含频道分类: 央视, 卫视, 港•澳•台, 埋堆堆
2024-08-23 13:58:37,958 - INFO - url: https://raw.githubusercontent.com/vbskycn/iptv/master/tv/hd.txt 获取成功，判断为txt格式
2024-08-23 13:58:37,960 - INFO - url: https://raw.githubusercontent.com/vbskycn/iptv/master/tv/hd.txt 爬取成功✅，包含频道分类: ﻿央视频道jxH, 江西本地jxH, 卫视频道jxH, 体育频道jxH, 儿童频道jxH, 特色频道jxH, 央视ysp, 卫视ysp, 黄金赛事ysp, 央视频道ip6, 卫视频道ip6, 数字频道ip6, 地方频道ip6, 更新时间ip6, 央视频道ip4, 卫视频道ip4, 数字频道ip4, 地方频道ip4, 港·澳·台ip4, 更新时间ip4, 央视-itv, 卫视-itv, 地方-itv, 其他-itv, NewTV-itv, SiTV-itv, iHOT-itv, 體育sport, 戲劇電影sport, 探索自然sport, 少兒sport, 綜合sport, 新聞資訊sport, 綜合4gtv, 新聞財經4gtv, 電影戲劇4gtv, 生活旅遊4gtv, 音樂綜藝4gtv, 少兒4gtv, 其他4gtv, 體育4gtv
2024-08-23 13:58:37,969 - INFO - url: https://cdn.jsdelivr.net/gh/YueChan/live@main/IPTV.m3u 获取成功，判断为m3u格式
2024-08-23 13:58:37,970 - INFO - url: https://cdn.jsdelivr.net/gh/YueChan/live@main/IPTV.m3u 爬取成功✅，包含频道分类: 央视, 卫视, 地方, 国际
2024-08-23 13:58:37,979 - INFO - url: https://raw.githubusercontent.com/cymz6/AutoIPTV-Hotel/main/lives.txt 获取成功，判断为txt格式
2024-08-23 13:58:37,981 - INFO - url: https://raw.githubusercontent.com/cymz6/AutoIPTV-Hotel/main/lives.txt 爬取成功✅，包含频道分类: 央视频道, 卫视频道, 其他频道
2024-08-23 13:58:37,989 - INFO - url: https://raw.githubusercontent.com/PizazzGY/TVBox_warehouse/main/live.txt 获取成功，判断为txt格式
2024-08-23 13:58:37,993 - INFO - url: https://raw.githubusercontent.com/PizazzGY/TVBox_warehouse/main/live.txt 爬取成功✅，包含频道分类: 央视频道, 卫视频道, 地方频道, 港·澳·台, 咪咕直播, 数字频道, 超高清频道, 埋堆堆, BesTV频道, iHOT频道, SiTV频道, NewTV频道
2024-08-23 13:58:39,002 - INFO - url: https://fm1077.serv00.net/SmartTV.m3u 获取成功，判断为m3u格式
2024-08-23 13:58:39,004 - INFO - url: https://fm1077.serv00.net/SmartTV.m3u 爬取成功✅，包含频道分类: 臺灣 Taiwan, 馬來西亞 Malaysia, 新加坡 Singapore, 印尼 Indonesia, 香港 Hongkong, 中國 China, 體育 Sports, 印度 Indian, 電影 Movie, 紀錄 Documentary, 新聞 News, 兒童 Kids, 泰國 Thailand, 英國 United Kingdom, 越南 Vietnam, 韓國 Korea, 日本 Japan
2024-08-23 13:58:39,014 - INFO - url: https://raw.githubusercontent.com/ssili126/tv/main/itvlist.txt 获取成功，判断为txt格式
2024-08-23 13:58:39,015 - INFO - url: https://raw.githubusercontent.com/ssili126/tv/main/itvlist.txt 爬取成功✅，包含频道分类: 央视频道, 卫视频道, 其他频道
2024-08-23 13:58:39,038 - INFO - url: https://raw.githubusercontent.com/kimwang1978/collect-tv-txt/main/merged_output.txt 获取成功，判断为txt格式
2024-08-23 13:58:39,091 - INFO - url: https://raw.githubusercontent.com/kimwang1978/collect-tv-txt/main/merged_output.txt 爬取成功✅，包含频道分类: 更新时间, 🆕专享源, 🆕优质源, 🌐央视频道, 📡卫视频道, 上海频道, 体育频道, 电影频道, 电视剧频道, 明星, 主题片, 港澳台, 国际台, 纪录片, 动画片, 戏曲频道, 综艺频道, 音乐频道, 游戏频道, ☘️浙江频道, ☘️江苏频道, ☘️湖南频道, ☘️湖北频道, ☘️安徽频道, ☘️广东频道, ☘️海南频道, ☘️内蒙频道, ☘️辽宁频道, ☘️陕西频道, ☘️山西频道, ☘️山东频道, ☘️云南频道, ☘️北京频道, ☘️重庆频道, ☘️福建频道, ☘️甘肃频道, ☘️广西频道, ☘️贵州频道, ☘️河北频道, ☘️河南频道, ☘️黑龙江频道, ☘️吉林频道, ☘️江西频道, ☘️宁夏频道, ☘️青海频道, ☘️四川频道, ☘️天津频道, ☘️新疆频道, 解说频道, 春晚, 直播中国, MTV, 收音机频道, ❤️以家人之名
2024-08-23 13:58:39,101 - INFO - url: https://raw.githubusercontent.com/Supprise0901/TVBox_live/main/live.txt 获取成功，判断为txt格式
2024-08-23 13:58:39,102 - INFO - url: https://raw.githubusercontent.com/Supprise0901/TVBox_live/main/live.txt 爬取成功✅，包含频道分类: ﻿🇨🇳卫视频道, 🇨🇳央视频道, 🇭🇰港台
2024-08-23 13:58:39,111 - INFO - url: https://raw.githubusercontent.com/yoursmile66/TVBox/main/live.txt 获取成功，判断为txt格式
2024-08-23 13:58:39,115 - INFO - url: https://raw.githubusercontent.com/yoursmile66/TVBox/main/live.txt 爬取成功✅，包含频道分类: 央视, 卫视, IPV6, 少儿频道, 影视, 大杂烩, 浙江综合, 江苏综合, 山东综合, 四川综合, 纪录片频道, 直播中国, 歌星金曲, DJ音乐
2024-08-23 13:58:40,976 - INFO - url: http://ttkx.live:55/lib/kx2024.txt 获取成功，判断为txt格式
2024-08-23 13:58:40,998 - INFO - url: http://ttkx.live:55/lib/kx2024.txt 爬取成功✅，包含频道分类: 永久免费💝公告, 💝中国港澳👉天天, 💝央视频道👉开心, 💝卫视频道👉全网, 💝咪咕频道👉全网, 💝央视频道👉IPV6, 💝卫视频道👉IPV6, 💝全球频道👉全网, 💝湾湾频道👉全网, 💝贵港频道👉电信, 💝梅州频道👉移动, 💝北京频道👉联通, 💝北京频道👉电信, 💝山东频道👉移动, 💝上海频道👉联通, 💝天津频道👉联通, 💝山东频道👉联通, 💝绍兴频道👉联通, 💝河南频道👉联通, 💝重庆频道👉联通, 💝湖南频道👉联通, 💝内蒙频道👉联通, 💝上海频道👉电信, 💝安徽频道👉电信, 💝陕西频道👉电信, 💝浙江频道👉电信, 💝山东频道👉电信, 💝江西频道👉电信, 💝惠州频道👉电信, 💝广西频道👉电信, 💝山西频道👉电信, 💝河北频道👉电信, 💝湖南频道👉电信, 💝湖北频道👉电信, 💝四川频道👉电信, 💝赤峰频道👉电信, 💝广东频道👉电信, 💝咪咕体育👉移动, 💝IHOT爱👉ipv6, 💝体育频道👉全网, 💝4K频道👉全网, 💝电影频道👉全网, 💝虎牙轮播👉全网, 💝斗鱼轮播👉全网, 💝堆堆轮播👉全网, 💝MTV视频👉全网, 💝收音广播👉全网, 💝景区直播👉全网, 💝春晚现场👉全网, , 💝下列P3P和MITV, 央卫P3p晴天, 特区P3p晴天, 闽南P3p晴天, 新闻P3p晴天, 跑马P3p晴天, 体育P3p晴天, 电影P3p晴天, 儿童P3p晴天, 知识P3p晴天, 新坡P3p晴天, 马亚P3p晴天, 印度P3p晴天, 加大P3p晴天, 日本P3p晴天, 韩国P3p晴天, 印尼P3p晴天, 美国P3p晴天, 特区晴天P3p, 央卫晴天P3p, 闽南晴天P3p, 新闻晴天P3p, 电影晴天P3p, 新马晴天P3p, 日本晴天P3p, 韩国晴天P3p, 国际晴天P3p, 央卫mitv晴天, 特区mitv晴天, 闽南mitv晴天, 马亚mitv晴天, 新坡mitv晴天, 日本mitv晴天, 韩国mitv晴天, 泰国mitv晴天, 北美mitv晴天, 新闻mitv晴天, 音乐mitv晴天, 体育mitv晴天, 知识mitv晴天, 儿少mitv晴天, 电影mitv晴天, 戏剧mitv晴天, 测试P3p频道
2024-08-23 13:58:41,006 - INFO - url: https://raw.githubusercontent.com/Kimentanm/aptv/master/m3u/iptv.m3u 获取成功，判断为m3u格式
2024-08-23 13:58:41,007 - INFO - url: https://raw.githubusercontent.com/Kimentanm/aptv/master/m3u/iptv.m3u 爬取成功✅，包含频道分类: 央视IPV4, 卫视IPV4, 央视-4K, 央视IPV6, 卫视IPV6, 历年春晚
2024-08-23 13:58:41,188 - INFO - url: https://raw.githubusercontent.com/Love4vn/love4vn/main/Sport.m3u 获取成功，判断为m3u格式
2024-08-23 13:58:41,190 - INFO - url: https://raw.githubusercontent.com/Love4vn/love4vn/main/Sport.m3u 爬取成功✅，包含频道分类: 🎊Foreign Sports🎊, 👉扫码添加此微信👈, 👉以获取最新链接👈, 👉唯一微信号:Cxx114x👈, 👉定期更换新链接👈, 👉不加此微信无售后👈, 🦁欧洲五大联赛🦁, 🏎🏁🚦F1 Event🚦🏁🏎, ⛳️Golf Tournament⛳️, 🎾🥎Tennis Events🥎🎾, 🏅🏀NBA Events🏀🏅, 🏵港澳Sport🏵, 💰💲PPV Pay-Per-View Event💲💰, ⚽️🦁🇬🇧Premier League🇬🇧🦁⚽️, ⚽️🇪🇸La Liga🇪🇸⚽️, ⚽️🍺🇩🇪German Bundesliga🇩🇪🍺⚽️, 🐉欧洲联盟杯🐉, 🪂Sky Sports ①🪂, 🪂Sky Sports ②🪂, 🪂Sky Sports ③🪂, 🛡ELEVEN SPORT🛡, 🔰beINSport 🔰, 🦉TNT Sports🦉, 🐍DAZN Sports🐍, 🦅ESPN Sports🦅, ⛄️🦊FOX Sports🦊⛄️, 4️⃣🇰 🇺 🇭 🇩, ☀️Other Sports☀️, 🇬🇧💂UK Sports💂🇬🇧, Update Time
